<?xml version="1.0" encoding="UTF-8"?>
<testsuite name="com.example.softenghw.userControllerUnitTests" tests="1" skipped="0" failures="0" errors="0" timestamp="2022-11-18T13:52:12" hostname="Tomas-MacBook-Pro.local" time="0.106">
  <properties/>
  <testcase name="testUserCreation()" classname="com.example.softenghw.userControllerUnitTests" time="0.106"/>
  <system-out><![CDATA[]]></system-out>
  <system-err><![CDATA[]]></system-err>
</testsuite>
